37.4
37.8
28.2
27.5
25.3
25.7
27.5
25.9
25.2
24.9
25.3
25.4
28.7
51.8
36.5
28.6
33.9
39.3
25.5
25
37.5
37.7
28
21.7

22.2
22.6
22.4
23.5
21.9
22.4
21.4
22.1
21.9
22.2
22
23.4
22.2
31.9
38.8
22.2
22.1
32
32.4
23.4
22.8
22.3
22.6
22.5
21.6
22.6
22.4
21.9
21.4
21.6
21.4
22.9
22.7
22.4
22.2
33.1
32.2
22.7
21.6
29.2
33.4
23.7
25.5
22.8
22.4
21.8
22.5
22
21.1
21.7
21.5
22
21.3
23.6
22.3
24.3
23.8
33.3
30.7
22.2
21.7
32.8
31.9
28.4
21.9
21.9
22.6
21.6
22
21.5
27.2
21.3
21
21.8
21.2
28.5
22.1
22.6
22.1
31.3
32
21.4
22.1
29
36.1
40.6
44.3
42.6
45.8
43.4
27.7
22.8
22.5
23.4
22.4
23.1
42.2
23.3
34.4
28.4
57.5
43.2

22.5
23.1
37.1
43.1
30.2
34.1
24.6
24.1
23.3
22.9
24.5
23.9
22.7
23.6
23.4
24.7
25.2
25
39.6
25
37.6
46.7
23.5
22.7
36.5
37.7
21.8
22.2
21.1
20.5
20.5
20.5
20.4
21
20.2
19.7
20.3
20.7
20.3
20.9
21.1
21
34.7
29.9
20.4
20.4
28.1
31.4
48.9
22.6
21
20.6
20.3
20.8
20.2
20.7
20.1
20.8
20.1
20.3
20.3
20.5
21.3
21
29.9
29.7
20.3
20
31.8
29
23.5
34.2
29.5
22.4
22.4
21.6
22.1
21.4
21.7
21.2
21.8
21.4
35.9
21.9
23.3
23.1
35.6
29.8
21.9
21.8
29.3
35.7
21.2
28.3
21.5
27.6
20.7
20.9
21.1
20.8
20.3
21
20.9
20.2
21.7
21.2
21.4
21.6
32
31.8
21.1
20.6
30.3
30.8
22.7
30.4
25.7
40.9
21.2
55.9
21.3
21.1
20.7
21
21
61
54.1
25.2
21
21.6
35.2
31.3
21.6
21.4
27.4
29.4
