27.4
41.8
28.1
42.3
24.6
39.0
22.2
34.0
21.4
33.7
21.1
33.0
22.0
32.4
22.3
34.7
23.1
35.3
22.3
33.9
24.5
36.8
21.9
34.0
22.5
33.6
21.1
32.6
22.1
33.5
22.7
34.3
21.3
33.4
20.8
33.2
22.9
34.5
20.3
32.7
22.7
37.9
21.7
32.8
23.4
39.9
21.1
33.7
22.6
38.5
22.1
37.3
27.6
43.9
30.9
46.3
21.6
35.2
24.8
37.8
23.6
37.2
21.2
32.4
21.2
33.3
33.0
49.6
22.1
36.6
22.9
34.8
21.0
33.4
20.5
33.0
21.3
33.1
20.6
33.2
20.5
32.6
20.8
31.8
22.2
34.5
27.1
41.2
21.2
32.5
23.0
35.0
22.1
38.2
23.5
39.0
32.5
48.3
22.1
33.6
22.5
37.5
23.3
39.2
21.0
32.6
22.1
33.2
22.7
38.2
20.7
33.5
28.2
43.3
25.8
39.2
26.6
41.5
20.7
32.1
21.7
36.8
32.1
48.3
22.1
34.3
21.2
34.0
25.9
39.8
22.3
33.9
22.2
33.1
25.6
40.8
24.4
38.8
24.1
39.3
24.2
35.9
20.8
32.1
20.7
31.9
22.4
34.1
21.7
34.0
22.2
34.8
20.4
32.3
21.5
37.6
25.8
39.5
22.3
34.4
21.7
34.3
27.1
40.8
20.7
33.8
22.6
34.0
22.9
34.6
24.9
40.9
22.2
34.6
27.5
42.5
20.9
32.1
20.6
31.9
22.0
38.5
23.9
40.0
21.1
32.8
27.1
41.5
21.4
37.3
22.2
34.8
22.3
34.7
24.0
36.6
21.2
34.7
22.5
34.6
21.8
33.0
24.8
39.6
22.0
37.8
22.5
34.9
21.3
32.2
22.2
34.7
21.7
33.5
22.5
38.6
22.1
34.4
20.2
32.8
26.0
40.0
23.5
35.2
22.5
34.6
23.9
38.1
22.0
33.6
21.5
33.1
